TN:
SF:C:\Users\prasanna.v\Desktop\demoSpringBoot\src\main\resources\static\js\staffController.js
FN:1,(anonymous_1)
FN:12,staffController
FN:19,(anonymous_3)
FN:24,(anonymous_4)
FN:28,(anonymous_5)
FN:35,(anonymous_6)
FN:37,(anonymous_7)
FN:41,(anonymous_8)
FN:68,(anonymous_9)
FN:70,(anonymous_10)
FN:74,(anonymous_11)
FNF:11
FNH:4
FNDA:1,(anonymous_1)
FNDA:3,staffController
FNDA:1,(anonymous_3)
FNDA:0,(anonymous_4)
FNDA:0,(anonymous_5)
FNDA:1,(anonymous_6)
FNDA:0,(anonymous_7)
FNDA:0,(anonymous_8)
FNDA:0,(anonymous_9)
FNDA:0,(anonymous_10)
FNDA:0,(anonymous_11)
DA:1,1
DA:6,1
DA:10,1
DA:12,1
DA:15,3
DA:18,3
DA:19,3
DA:24,1
DA:26,0
DA:27,0
DA:35,3
DA:37,1
DA:39,0
DA:40,0
DA:68,3
DA:70,0
DA:72,0
DA:73,0
LF:18
LH:11
BRF:0
BRH:0
end_of_record
